<?xml version="1.0" encoding="UTF-8"?>
<testsuite name="Command line test"
           tests="3"
           failures="1"
           errors="0"
           skipped="2"
           time="0.001">
  <properties />
            <testcase name="setUp" time="0.000" classname="Mobile.Appium.AppTest">
                <failure type="org.openqa.selenium.remote.UnreachableBrowserException"
                  message="Could not start a new session. Possible causes are invalid address of the remote server or browser start-up failure.
Build info: version: &apos;2.44.0&apos;, revision: &apos;76d78cf323ce037c5f92db6c1bba601c2ac43ad8&apos;, time: &apos;2014-10-23 13:11:40&apos;
System info: host: &apos;MUKUL4464&apos;, ip: &apos;192.168.43.183&apos;, os.name: &apos;Windows 7&apos;, os.arch: &apos;amd64&apos;, os.version: &apos;6.1&apos;, java.version: &apos;1.8.0_65&apos;
Driver info: driver.version: AndroidDriver"
              >
<![CDATA[org.openqa.selenium.remote.UnreachableBrowserException: Could not start a new session. Possible causes are invalid address of the remote server or browser start-up failure.
Build info: version: '2.44.0', revision: '76d78cf323ce037c5f92db6c1bba601c2ac43ad8', time: '2014-10-23 13:11:40'
System info: host: 'MUKUL4464', ip: '192.168.43.183', os.name: 'Windows 7', os.arch: 'amd64', os.version: '6.1', java.version: '1.8.0_65'
Driver info: driver.version: AndroidDriver
  org.openqa.selenium.remote.RemoteWebDriver.execute(RemoteWebDriver.java:593)
  io.appium.java_client.DefaultGenericMobileDriver.execute(DefaultGenericMobileDriver.java:27)
  io.appium.java_client.AppiumDriver.execute(AppiumDriver.java:1)
  io.appium.java_client.android.AndroidDriver.execute(AndroidDriver.java:1)
  org.openqa.selenium.remote.RemoteWebDriver.startSession(RemoteWebDriver.java:240)
  org.openqa.selenium.remote.RemoteWebDriver.<init>(RemoteWebDriver.java:126)
  org.openqa.selenium.remote.RemoteWebDriver.<init>(RemoteWebDriver.java:153)
  io.appium.java_client.DefaultGenericMobileDriver.<init>(DefaultGenericMobileDriver.java:22)
  io.appium.java_client.AppiumDriver.<init>(AppiumDriver.java:202)
  io.appium.java_client.android.AndroidDriver.<init>(AndroidDriver.java:50)
  Mobile.Appium.AppTest.setUp(AppTest.java:73)
  sun.reflect.NativeMethodAccessorImpl.invoke0(Native Method)
  sun.reflect.NativeMethodAccessorImpl.invoke(NativeMethodAccessorImpl.java:62)
  sun.reflect.DelegatingMethodAccessorImpl.invoke(DelegatingMethodAccessorImpl.java:43)
  java.lang.reflect.Method.invoke(Method.java:497)
  org.testng.internal.MethodInvocationHelper.invokeMethod(MethodInvocationHelper.java:85)
  org.testng.internal.Invoker.invokeConfigurationMethod(Invoker.java:510)
  org.testng.internal.Invoker.invokeConfigurations(Invoker.java:211)
  org.testng.internal.Invoker.invokeConfigurations(Invoker.java:138)
  org.testng.internal.TestMethodWorker.invokeBeforeClassMethods(TestMethodWorker.java:170)
  org.testng.internal.TestMethodWorker.run(TestMethodWorker.java:104)
  org.testng.TestRunner.privateRun(TestRunner.java:774)
  org.testng.TestRunner.run(TestRunner.java:624)
  org.testng.SuiteRunner.runTest(SuiteRunner.java:359)
  org.testng.SuiteRunner.runSequentially(SuiteRunner.java:354)
  org.testng.SuiteRunner.privateRun(SuiteRunner.java:312)
  org.testng.SuiteRunner.run(SuiteRunner.java:261)
  org.testng.SuiteRunnerWorker.runSuite(SuiteRunnerWorker.java:52)
  org.testng.SuiteRunnerWorker.run(SuiteRunnerWorker.java:86)
  org.testng.TestNG.runSuitesSequentially(TestNG.java:1191)
  org.testng.TestNG.runSuitesLocally(TestNG.java:1116)
  org.testng.TestNG.run(TestNG.java:1024)
  org.apache.maven.surefire.testng.TestNGExecutor.run(TestNGExecutor.java:77)
  org.apache.maven.surefire.testng.TestNGDirectoryTestSuite.executeMulti(TestNGDirectoryTestSuite.java:189)
  org.apache.maven.surefire.testng.TestNGDirectoryTestSuite.execute(TestNGDirectoryTestSuite.java:105)
  org.apache.maven.surefire.testng.TestNGProvider.invoke(TestNGProvider.java:117)
  sun.reflect.NativeMethodAccessorImpl.invoke0(Native Method)
  sun.reflect.NativeMethodAccessorImpl.invoke(NativeMethodAccessorImpl.java:62)
  sun.reflect.DelegatingMethodAccessorImpl.invoke(DelegatingMethodAccessorImpl.java:43)
  java.lang.reflect.Method.invoke(Method.java:497)
  org.apache.maven.surefire.util.ReflectionUtils.invokeMethodWithArray2(ReflectionUtils.java:208)
  org.apache.maven.surefire.booter.ProviderFactory$ProviderProxy.invoke(ProviderFactory.java:159)
  org.apache.maven.surefire.booter.ProviderFactory.invokeProvider(ProviderFactory.java:87)
  org.apache.maven.surefire.booter.ForkedBooter.runSuitesInProcess(ForkedBooter.java:153)
  org.apache.maven.surefire.booter.ForkedBooter.main(ForkedBooter.java:95)
Caused by: org.apache.http.conn.HttpHostConnectException: Connect to 127.0.0.1:4723 [/127.0.0.1] failed: Connection refused: connect
  org.apache.http.impl.conn.HttpClientConnectionOperator.connect(HttpClientConnectionOperator.java:140)
  org.apache.http.impl.conn.PoolingHttpClientConnectionManager.connect(PoolingHttpClientConnectionManager.java:314)
  org.apache.http.impl.execchain.MainClientExec.establishRoute(MainClientExec.java:363)
  org.apache.http.impl.execchain.MainClientExec.execute(MainClientExec.java:219)
  org.apache.http.impl.execchain.ProtocolExec.execute(ProtocolExec.java:195)
  org.apache.http.impl.execchain.RetryExec.execute(RetryExec.java:86)
  org.apache.http.impl.execchain.RedirectExec.execute(RedirectExec.java:108)
  org.apache.http.impl.client.InternalHttpClient.doExecute(InternalHttpClient.java:186)
  org.apache.http.impl.client.CloseableHttpClient.execute(CloseableHttpClient.java:72)
  org.apache.http.impl.client.CloseableHttpClient.execute(CloseableHttpClient.java:57)
  org.openqa.selenium.remote.HttpCommandExecutor.fallBackExecute(HttpCommandExecutor.java:215)
  org.openqa.selenium.remote.HttpCommandExecutor.execute(HttpCommandExecutor.java:184)
  org.openqa.selenium.remote.RemoteWebDriver.execute(RemoteWebDriver.java:572)
  io.appium.java_client.DefaultGenericMobileDriver.execute(DefaultGenericMobileDriver.java:27)
  io.appium.java_client.AppiumDriver.execute(AppiumDriver.java:1)
  io.appium.java_client.android.AndroidDriver.execute(AndroidDriver.java:1)
  org.openqa.selenium.remote.RemoteWebDriver.startSession(RemoteWebDriver.java:240)
  org.openqa.selenium.remote.RemoteWebDriver.<init>(RemoteWebDriver.java:126)
  org.openqa.selenium.remote.RemoteWebDriver.<init>(RemoteWebDriver.java:153)
  io.appium.java_client.DefaultGenericMobileDriver.<init>(DefaultGenericMobileDriver.java:22)
  io.appium.java_client.AppiumDriver.<init>(AppiumDriver.java:202)
  io.appium.java_client.android.AndroidDriver.<init>(AndroidDriver.java:50)
  Mobile.Appium.AppTest.setUp(AppTest.java:73)
  sun.reflect.NativeMethodAccessorImpl.invoke0(Native Method)
  sun.reflect.NativeMethodAccessorImpl.invoke(NativeMethodAccessorImpl.java:62)
  sun.reflect.DelegatingMethodAccessorImpl.invoke(DelegatingMethodAccessorImpl.java:43)
  java.lang.reflect.Method.invoke(Method.java:497)
  org.testng.internal.MethodInvocationHelper.invokeMethod(MethodInvocationHelper.java:85)
  org.testng.internal.Invoker.invokeConfigurationMethod(Invoker.java:510)
  org.testng.internal.Invoker.invokeConfigurations(Invoker.java:211)
  org.testng.internal.Invoker.invokeConfigurations(Invoker.java:138)
  org.testng.internal.TestMethodWorker.invokeBeforeClassMethods(TestMethodWorker.java:170)
  org.testng.internal.TestMethodWorker.run(TestMethodWorker.java:104)
  org.testng.TestRunner.privateRun(TestRunner.java:774)
  org.testng.TestRunner.run(TestRunner.java:624)
  org.testng.SuiteRunner.runTest(SuiteRunner.java:359)
  org.testng.SuiteRunner.runSequentially(SuiteRunner.java:354)
  org.testng.SuiteRunner.privateRun(SuiteRunner.java:312)
  org.testng.SuiteRunner.run(SuiteRunner.java:261)
  org.testng.SuiteRunnerWorker.runSuite(SuiteRunnerWorker.java:52)
  org.testng.SuiteRunnerWorker.run(SuiteRunnerWorker.java:86)
  org.testng.TestNG.runSuitesSequentially(TestNG.java:1191)
  org.testng.TestNG.runSuitesLocally(TestNG.java:1116)
  org.testng.TestNG.run(TestNG.java:1024)
  org.apache.maven.surefire.testng.TestNGExecutor.run(TestNGExecutor.java:77)
  org.apache.maven.surefire.testng.TestNGDirectoryTestSuite.executeMulti(TestNGDirectoryTestSuite.java:189)
  org.apache.maven.surefire.testng.TestNGDirectoryTestSuite.execute(TestNGDirectoryTestSuite.java:105)
  org.apache.maven.surefire.testng.TestNGProvider.invoke(TestNGProvider.java:117)
  sun.reflect.NativeMethodAccessorImpl.invoke0(Native Method)
  sun.reflect.NativeMethodAccessorImpl.invoke(NativeMethodAccessorImpl.java:62)
  sun.reflect.DelegatingMethodAccessorImpl.invoke(DelegatingMethodAccessorImpl.java:43)
  java.lang.reflect.Method.invoke(Method.java:497)
  org.apache.maven.surefire.util.ReflectionUtils.invokeMethodWithArray2(ReflectionUtils.java:208)
  org.apache.maven.surefire.booter.ProviderFactory$ProviderProxy.invoke(ProviderFactory.java:159)
  org.apache.maven.surefire.booter.ProviderFactory.invokeProvider(ProviderFactory.java:87)
  org.apache.maven.surefire.booter.ForkedBooter.runSuitesInProcess(ForkedBooter.java:153)
  org.apache.maven.surefire.booter.ForkedBooter.main(ForkedBooter.java:95)
Caused by: java.net.ConnectException: Connection refused: connect
  java.net.DualStackPlainSocketImpl.waitForConnect(Native Method)
  java.net.DualStackPlainSocketImpl.socketConnect(DualStackPlainSocketImpl.java:85)
  java.net.AbstractPlainSocketImpl.doConnect(AbstractPlainSocketImpl.java:350)
  java.net.AbstractPlainSocketImpl.connectToAddress(AbstractPlainSocketImpl.java:206)
  java.net.AbstractPlainSocketImpl.connect(AbstractPlainSocketImpl.java:188)
  java.net.PlainSocketImpl.connect(PlainSocketImpl.java:172)
  java.net.SocksSocketImpl.connect(SocksSocketImpl.java:392)
  java.net.Socket.connect(Socket.java:589)
  org.apache.http.conn.socket.PlainConnectionSocketFactory.connectSocket(PlainConnectionSocketFactory.java:72)
  org.apache.http.impl.conn.HttpClientConnectionOperator.connect(HttpClientConnectionOperator.java:117)
  org.apache.http.impl.conn.PoolingHttpClientConnectionManager.connect(PoolingHttpClientConnectionManager.java:314)
  org.apache.http.impl.execchain.MainClientExec.establishRoute(MainClientExec.java:363)
  org.apache.http.impl.execchain.MainClientExec.execute(MainClientExec.java:219)
  org.apache.http.impl.execchain.ProtocolExec.execute(ProtocolExec.java:195)
  org.apache.http.impl.execchain.RetryExec.execute(RetryExec.java:86)
  org.apache.http.impl.execchain.RedirectExec.execute(RedirectExec.java:108)
  org.apache.http.impl.client.InternalHttpClient.doExecute(InternalHttpClient.java:186)
  org.apache.http.impl.client.CloseableHttpClient.execute(CloseableHttpClient.java:72)
  org.apache.http.impl.client.CloseableHttpClient.execute(CloseableHttpClient.java:57)
  org.openqa.selenium.remote.HttpCommandExecutor.fallBackExecute(HttpCommandExecutor.java:215)
  org.openqa.selenium.remote.HttpCommandExecutor.execute(HttpCommandExecutor.java:184)
  org.openqa.selenium.remote.RemoteWebDriver.execute(RemoteWebDriver.java:572)
  io.appium.java_client.DefaultGenericMobileDriver.execute(DefaultGenericMobileDriver.java:27)
  io.appium.java_client.AppiumDriver.execute(AppiumDriver.java:1)
  io.appium.java_client.android.AndroidDriver.execute(AndroidDriver.java:1)
  org.openqa.selenium.remote.RemoteWebDriver.startSession(RemoteWebDriver.java:240)
  org.openqa.selenium.remote.RemoteWebDriver.<init>(RemoteWebDriver.java:126)
  org.openqa.selenium.remote.RemoteWebDriver.<init>(RemoteWebDriver.java:153)
  io.appium.java_client.DefaultGenericMobileDriver.<init>(DefaultGenericMobileDriver.java:22)
  io.appium.java_client.AppiumDriver.<init>(AppiumDriver.java:202)
  io.appium.java_client.android.AndroidDriver.<init>(AndroidDriver.java:50)
  Mobile.Appium.AppTest.setUp(AppTest.java:73)
  sun.reflect.NativeMethodAccessorImpl.invoke0(Native Method)
  sun.reflect.NativeMethodAccessorImpl.invoke(NativeMethodAccessorImpl.java:62)
  sun.reflect.DelegatingMethodAccessorImpl.invoke(DelegatingMethodAccessorImpl.java:43)
  java.lang.reflect.Method.invoke(Method.java:497)
  org.testng.internal.MethodInvocationHelper.invokeMethod(MethodInvocationHelper.java:85)
  org.testng.internal.Invoker.invokeConfigurationMethod(Invoker.java:510)
  org.testng.internal.Invoker.invokeConfigurations(Invoker.java:211)
  org.testng.internal.Invoker.invokeConfigurations(Invoker.java:138)
  org.testng.internal.TestMethodWorker.invokeBeforeClassMethods(TestMethodWorker.java:170)
  org.testng.internal.TestMethodWorker.run(TestMethodWorker.java:104)
  org.testng.TestRunner.privateRun(TestRunner.java:774)
  org.testng.TestRunner.run(TestRunner.java:624)
  org.testng.SuiteRunner.runTest(SuiteRunner.java:359)
  org.testng.SuiteRunner.runSequentially(SuiteRunner.java:354)
  org.testng.SuiteRunner.privateRun(SuiteRunner.java:312)
  org.testng.SuiteRunner.run(SuiteRunner.java:261)
  org.testng.SuiteRunnerWorker.runSuite(SuiteRunnerWorker.java:52)
  org.testng.SuiteRunnerWorker.run(SuiteRunnerWorker.java:86)
  org.testng.TestNG.runSuitesSequentially(TestNG.java:1191)
  org.testng.TestNG.runSuitesLocally(TestNG.java:1116)
  org.testng.TestNG.run(TestNG.java:1024)
  org.apache.maven.surefire.testng.TestNGExecutor.run(TestNGExecutor.java:77)
  org.apache.maven.surefire.testng.TestNGDirectoryTestSuite.executeMulti(TestNGDirectoryTestSuite.java:189)
  org.apache.maven.surefire.testng.TestNGDirectoryTestSuite.execute(TestNGDirectoryTestSuite.java:105)
  org.apache.maven.surefire.testng.TestNGProvider.invoke(TestNGProvider.java:117)
  sun.reflect.NativeMethodAccessorImpl.invoke0(Native Method)
  sun.reflect.NativeMethodAccessorImpl.invoke(NativeMethodAccessorImpl.java:62)
  sun.reflect.DelegatingMethodAccessorImpl.invoke(DelegatingMethodAccessorImpl.java:43)
  java.lang.reflect.Method.invoke(Method.java:497)
  org.apache.maven.surefire.util.ReflectionUtils.invokeMethodWithArray2(ReflectionUtils.java:208)
  org.apache.maven.surefire.booter.ProviderFactory$ProviderProxy.invoke(ProviderFactory.java:159)
  org.apache.maven.surefire.booter.ProviderFactory.invokeProvider(ProviderFactory.java:87)
  org.apache.maven.surefire.booter.ForkedBooter.runSuitesInProcess(ForkedBooter.java:153)
  org.apache.maven.surefire.booter.ForkedBooter.main(ForkedBooter.java:95)
]]>
      </failure>

          </testcase>
  
            <testcase name="End" time="0.0" classname="Mobile.Appium.AppTest">
          <skipped />
    </testcase>
            <testcase name="Login_With_Wrong_Password" time="0.0" classname="Mobile.Appium.AppTest">
          <skipped />
    </testcase>
  
  
</testsuite>
